生成启动时间为 2015/12/1 15:54:05。
     1>项目“K:\anxingle\ImageSearch\search_project\search_project.vcxproj”在节点 2 上(Rebuild 个目标)。
     1>ClCompile:
         C:\Program Files (x86)\Microsoft Visual Studio 11.0\VC\bin\x86_amd64\CL.exe /c /Zi /nologo /W1 /WX- /O2 /Gm- /EHsc /MD /GS /fp:precise /Zc:wchar_t /Zc:forScope /Fo"x64\Debug\\" /Fd"x64\Debug\vc110.pdb" /Gd /TP /errorReport:prompt API_Interface.cpp Configure.cpp ImgConAna.cpp ImgFeature.cpp Learn.cpp LoadFile.cpp main.cpp NearestNeighbors.cpp ostuRemoveBorder.cpp PCAUtils.cpp Search.cpp SurfFeature.cpp Test.cpp Train.cpp Utils.cpp VLADFeature.cpp
         API_Interface.cpp
         Configure.cpp
         ImgConAna.cpp
         ImgFeature.cpp
         Learn.cpp
         LoadFile.cpp
         main.cpp
         NearestNeighbors.cpp
         ostuRemoveBorder.cpp
         PCAUtils.cpp
     1>k:\anxingle\imagesearch\search_project\PCAUtils.h(7): error C2065: “bitset”: 未声明的标识符
     1>k:\anxingle\imagesearch\search_project\PCAUtils.h(7): error C2974: 'std::vector' : 模板 对于 '_Ty'是无效参数，应为类型
                 C:\Program Files (x86)\Microsoft Visual Studio 11.0\VC\include\vector(655) : 参见“std::vector”的声明
     1>k:\anxingle\imagesearch\search_project\PCAUtils.h(7): warning C4091: “typedef ”: 没有声明变量时忽略“std::vector<_Ty>”的左侧
                 with
                 [
                     _Ty=int
                 ]
     1>k:\anxingle\imagesearch\search_project\PCAUtils.h(7): error C2143: 语法错误 : 缺少“;”(在“>”的前面)
     1>k:\anxingle\imagesearch\search_project\PCAUtils.h(7): error C2059: 语法错误:“>”
     1>k:\anxingle\imagesearch\search_project\PCAUtils.h(17): error C2061: 语法错误: 标识符“bitvec”
     1>PCAUtils.cpp(67): error C2137: 空字符常量
         Search.cpp
         SurfFeature.cpp
         Test.cpp
     1>Test.cpp(25): error C2572: “test”: 重定义默认参数 : 参数 8
                 k:\anxingle\imagesearch\search_project\Test.h(12) : 参见“test”的声明
     1>Test.cpp(58): error C2015: 常量中的字符太多
     1>Test.cpp(58): error C2678: 二进制“==”: 没有找到接受“std::string”类型的左操作数的运算符(或没有可接受的转换)
                 C:\Program Files (x86)\Microsoft Visual Studio 11.0\VC\include\exception(507): 可能是“bool std::operator ==(const std::exception_ptr &,const std::exception_ptr &)”
                 C:\Program Files (x86)\Microsoft Visual Studio 11.0\VC\include\exception(512): 或       “bool std::operator ==(std::nullptr_t,const std::exception_ptr &)”
                 C:\Program Files (x86)\Microsoft Visual Studio 11.0\VC\include\exception(517): 或       “bool std::operator ==(const std::exception_ptr &,std::nullptr_t)”
                 C:\Program Files (x86)\Microsoft Visual Studio 11.0\VC\include\system_error(426): 或       “bool std::operator ==(const std::error_code &,const std::error_condition &) throw()”
                 C:\Program Files (x86)\Microsoft Visual Studio 11.0\VC\include\system_error(434): 或       “bool std::operator ==(const std::error_condition &,const std::error_code &) throw()”
                 C:\opencv\build\include\opencv2/core/operations.hpp(2221): 或       “bool cv::operator ==(const cv::Range &,const cv::Range &)”
                 C:\opencv\build\include\opencv2/core/operations.hpp(3174): 或       “bool cv::operator ==(const cv::FileNodeIterator &,const cv::FileNodeIterator &)”
                 C:\opencv\build\include\opencv2/core/mat.hpp(1308): 或       “cv::MatExpr cv::operator ==(const cv::Mat &,const cv::Mat &)”
                 C:\opencv\build\include\opencv2/core/mat.hpp(1309): 或       “cv::MatExpr cv::operator ==(const cv::Mat &,double)”
                 C:\opencv\build\include\opencv2/core/mat.hpp(1310): 或       “cv::MatExpr cv::operator ==(double,const cv::Mat &)”
                 C:\opencv\build\include\opencv2/core/mat.hpp(1957): 或       “bool cv::operator ==(const cv::MatConstIterator &,const cv::MatConstIterator &)”
                 C:\opencv\build\include\opencv2/core/mat.hpp(2308): 或       “bool cv::operator ==(const cv::SparseMatConstIterator &,const cv::SparseMatConstIterator &)”
                 尝试匹配参数列表“(std::string, int)”时
     1>Test.cpp(64): error C2015: 常量中的字符太多
     1>Test.cpp(64): error C2678: 二进制“==”: 没有找到接受“std::string”类型的左操作数的运算符(或没有可接受的转换)
                 C:\Program Files (x86)\Microsoft Visual Studio 11.0\VC\include\exception(507): 可能是“bool std::operator ==(const std::exception_ptr &,const std::exception_ptr &)”
                 C:\Program Files (x86)\Microsoft Visual Studio 11.0\VC\include\exception(512): 或       “bool std::operator ==(std::nullptr_t,const std::exception_ptr &)”
                 C:\Program Files (x86)\Microsoft Visual Studio 11.0\VC\include\exception(517): 或       “bool std::operator ==(const std::exception_ptr &,std::nullptr_t)”
                 C:\Program Files (x86)\Microsoft Visual Studio 11.0\VC\include\system_error(426): 或       “bool std::operator ==(const std::error_code &,const std::error_condition &) throw()”
                 C:\Program Files (x86)\Microsoft Visual Studio 11.0\VC\include\system_error(434): 或       “bool std::operator ==(const std::error_condition &,const std::error_code &) throw()”
                 C:\opencv\build\include\opencv2/core/operations.hpp(2221): 或       “bool cv::operator ==(const cv::Range &,const cv::Range &)”
                 C:\opencv\build\include\opencv2/core/operations.hpp(3174): 或       “bool cv::operator ==(const cv::FileNodeIterator &,const cv::FileNodeIterator &)”
                 C:\opencv\build\include\opencv2/core/mat.hpp(1308): 或       “cv::MatExpr cv::operator ==(const cv::Mat &,const cv::Mat &)”
                 C:\opencv\build\include\opencv2/core/mat.hpp(1309): 或       “cv::MatExpr cv::operator ==(const cv::Mat &,double)”
                 C:\opencv\build\include\opencv2/core/mat.hpp(1310): 或       “cv::MatExpr cv::operator ==(double,const cv::Mat &)”
                 C:\opencv\build\include\opencv2/core/mat.hpp(1957): 或       “bool cv::operator ==(const cv::MatConstIterator &,const cv::MatConstIterator &)”
                 C:\opencv\build\include\opencv2/core/mat.hpp(2308): 或       “bool cv::operator ==(const cv::SparseMatConstIterator &,const cv::SparseMatConstIterator &)”
                 尝试匹配参数列表“(std::string, int)”时
         Train.cpp
         Utils.cpp
         VLADFeature.cpp
         正在生成代码...
     1>k:\anxingle\imagesearch\search_project\imgconana.cpp(474): warning C4715: “combineRestRect”: 不是所有的控件路径都返回值
     1>已完成生成项目“K:\anxingle\ImageSearch\search_project\search_project.vcxproj”(Rebuild 个目标)的操作 - 失败。

生成失败。

已用时间 00:00:15.55
