生成启动时间为 2015/12/1 15:34:59。
     1>项目“K:\anxingle\ImageSearch\search_project\search_project.vcxproj”在节点 2 上(Rebuild 个目标)。
     1>ClCompile:
         C:\Program Files (x86)\Microsoft Visual Studio 11.0\VC\bin\CL.exe /c /ZI /nologo /W3 /WX- /Od /Oy- /D _MBCS /Gm /EHsc /RTC1 /MDd /GS /fp:precise /Zc:wchar_t /Zc:forScope /Fo"Debug\\" /Fd"Debug\vc110.pdb" /Gd /TP /analyze- /errorReport:prompt API_Interface.cpp Configure.cpp ImgConAna.cpp ImgFeature.cpp Learn.cpp LoadFile.cpp main.cpp NearestNeighbors.cpp ostuRemoveBorder.cpp PCAUtils.cpp Search.cpp SurfFeature.cpp Test.cpp Train.cpp Utils.cpp VLADFeature.cpp
         VLADFeature.cpp
         Utils.cpp
     1>k:\anxingle\imagesearch\search_project\configure.h(23): error C2146: 语法错误: 缺少“;”(在标识符“feaflags”的前面)
     1>k:\anxingle\imagesearch\search_project\configure.h(23): error C4430: 缺少类型说明符 - 假定为 int。注意: C++ 不支持默认 int
     1>k:\anxingle\imagesearch\search_project\configure.h(25): error C2065: “QueryRe”: 未声明的标识符
     1>k:\anxingle\imagesearch\search_project\configure.h(25): error C2923: “std::vector”: 对于参数“_Ty”，“QueryRe”不是有效的 模板 类型变量
     1>k:\anxingle\imagesearch\search_project\utils.h(19): error C2378: “FEAFLAGS”: 重定义；符号不能由 typedef 重载
                 k:\anxingle\imagesearch\search_project\configure.h(23) : 参见“FEAFLAGS”的声明
         Train.cpp
     1>k:\anxingle\imagesearch\search_project\configure.h(23): error C2146: 语法错误: 缺少“;”(在标识符“feaflags”的前面)
     1>k:\anxingle\imagesearch\search_project\configure.h(23): error C4430: 缺少类型说明符 - 假定为 int。注意: C++ 不支持默认 int
     1>k:\anxingle\imagesearch\search_project\configure.h(25): error C2065: “QueryRe”: 未声明的标识符
     1>k:\anxingle\imagesearch\search_project\configure.h(25): error C2923: “std::vector”: 对于参数“_Ty”，“QueryRe”不是有效的 模板 类型变量
     1>k:\anxingle\imagesearch\search_project\utils.h(19): error C2378: “FEAFLAGS”: 重定义；符号不能由 typedef 重载
                 k:\anxingle\imagesearch\search_project\configure.h(23) : 参见“FEAFLAGS”的声明
     1>k:\anxingle\imagesearch\search_project\train.h(8): error C2061: 语法错误: 标识符“FEAFLAGS”
     1>k:\anxingle\imagesearch\search_project\train.cpp(14): error C2061: 语法错误: 标识符“FEAFLAGS”
     1>k:\anxingle\imagesearch\search_project\train.cpp(16): error C2065: “flags”: 未声明的标识符
     1>k:\anxingle\imagesearch\search_project\train.cpp(61): error C2065: “flags”: 未声明的标识符
     1>k:\anxingle\imagesearch\search_project\train.cpp(96): error C2065: “flags”: 未声明的标识符
         Test.cpp
     1>k:\anxingle\imagesearch\search_project\test.cpp(25): error C2572: “test”: 重定义默认参数 : 参数 8
                 k:\anxingle\imagesearch\search_project\test.h(12) : 参见“test”的声明
     1>k:\anxingle\imagesearch\search_project\test.cpp(58): error C2015: 常量中的字符太多
     1>k:\anxingle\imagesearch\search_project\test.cpp(58): error C2678: 二进制“==”: 没有找到接受“std::string”类型的左操作数的运算符(或没有可接受的转换)
                 c:\program files (x86)\microsoft visual studio 11.0\vc\include\exception(507): 可能是“bool std::operator ==(const std::exception_ptr &,const std::exception_ptr &)”
                 c:\program files (x86)\microsoft visual studio 11.0\vc\include\exception(512): 或       “bool std::operator ==(std::nullptr_t,const std::exception_ptr &)”
                 c:\program files (x86)\microsoft visual studio 11.0\vc\include\exception(517): 或       “bool std::operator ==(const std::exception_ptr &,std::nullptr_t)”
                 c:\program files (x86)\microsoft visual studio 11.0\vc\include\system_error(426): 或       “bool std::operator ==(const std::error_code &,const std::error_condition &) throw()”
                 c:\program files (x86)\microsoft visual studio 11.0\vc\include\system_error(434): 或       “bool std::operator ==(const std::error_condition &,const std::error_code &) throw()”
                 c:\opencv\build\include\opencv2\core\operations.hpp(2221): 或       “bool cv::operator ==(const cv::Range &,const cv::Range &)”
                 c:\opencv\build\include\opencv2\core\operations.hpp(3174): 或       “bool cv::operator ==(const cv::FileNodeIterator &,const cv::FileNodeIterator &)”
                 c:\opencv\build\include\opencv2\core\mat.hpp(1308): 或       “cv::MatExpr cv::operator ==(const cv::Mat &,const cv::Mat &)”
                 c:\opencv\build\include\opencv2\core\mat.hpp(1309): 或       “cv::MatExpr cv::operator ==(const cv::Mat &,double)”
                 c:\opencv\build\include\opencv2\core\mat.hpp(1310): 或       “cv::MatExpr cv::operator ==(double,const cv::Mat &)”
                 c:\opencv\build\include\opencv2\core\mat.hpp(1957): 或       “bool cv::operator ==(const cv::MatConstIterator &,const cv::MatConstIterator &)”
                 c:\opencv\build\include\opencv2\core\mat.hpp(2308): 或       “bool cv::operator ==(const cv::SparseMatConstIterator &,const cv::SparseMatConstIterator &)”
                 尝试匹配参数列表“(std::string, int)”时
     1>k:\anxingle\imagesearch\search_project\test.cpp(64): error C2015: 常量中的字符太多
     1>k:\anxingle\imagesearch\search_project\test.cpp(64): error C2678: 二进制“==”: 没有找到接受“std::string”类型的左操作数的运算符(或没有可接受的转换)
                 c:\program files (x86)\microsoft visual studio 11.0\vc\include\exception(507): 可能是“bool std::operator ==(const std::exception_ptr &,const std::exception_ptr &)”
                 c:\program files (x86)\microsoft visual studio 11.0\vc\include\exception(512): 或       “bool std::operator ==(std::nullptr_t,const std::exception_ptr &)”
                 c:\program files (x86)\microsoft visual studio 11.0\vc\include\exception(517): 或       “bool std::operator ==(const std::exception_ptr &,std::nullptr_t)”
                 c:\program files (x86)\microsoft visual studio 11.0\vc\include\system_error(426): 或       “bool std::operator ==(const std::error_code &,const std::error_condition &) throw()”
                 c:\program files (x86)\microsoft visual studio 11.0\vc\include\system_error(434): 或       “bool std::operator ==(const std::error_condition &,const std::error_code &) throw()”
                 c:\opencv\build\include\opencv2\core\operations.hpp(2221): 或       “bool cv::operator ==(const cv::Range &,const cv::Range &)”
                 c:\opencv\build\include\opencv2\core\operations.hpp(3174): 或       “bool cv::operator ==(const cv::FileNodeIterator &,const cv::FileNodeIterator &)”
                 c:\opencv\build\include\opencv2\core\mat.hpp(1308): 或       “cv::MatExpr cv::operator ==(const cv::Mat &,const cv::Mat &)”
                 c:\opencv\build\include\opencv2\core\mat.hpp(1309): 或       “cv::MatExpr cv::operator ==(const cv::Mat &,double)”
                 c:\opencv\build\include\opencv2\core\mat.hpp(1310): 或       “cv::MatExpr cv::operator ==(double,const cv::Mat &)”
                 c:\opencv\build\include\opencv2\core\mat.hpp(1957): 或       “bool cv::operator ==(const cv::MatConstIterator &,const cv::MatConstIterator &)”
                 c:\opencv\build\include\opencv2\core\mat.hpp(2308): 或       “bool cv::operator ==(const cv::SparseMatConstIterator &,const cv::SparseMatConstIterator &)”
                 尝试匹配参数列表“(std::string, int)”时
     1>k:\anxingle\imagesearch\search_project\test.cpp(109): warning C4244: “初始化”: 从“const int”转换到“float”，可能丢失数据
     1>k:\anxingle\imagesearch\search_project\test.cpp(141): warning C4244: “初始化”: 从“const int”转换到“float”，可能丢失数据
         SurfFeature.cpp
     1>k:\anxingle\imagesearch\search_project\surffeature.cpp(83): warning C4244: “参数”: 从“const int”转换到“float”，可能丢失数据
     1>k:\anxingle\imagesearch\search_project\surffeature.cpp(83): warning C4244: “参数”: 从“int”转换到“float”，可能丢失数据
     1>k:\anxingle\imagesearch\search_project\surffeature.cpp(114): warning C4244: “参数”: 从“const int”转换到“float”，可能丢失数据
     1>k:\anxingle\imagesearch\search_project\surffeature.cpp(114): warning C4244: “参数”: 从“int”转换到“float”，可能丢失数据
         Search.cpp
     1>k:\anxingle\imagesearch\search_project\configure.h(23): error C2146: 语法错误: 缺少“;”(在标识符“feaflags”的前面)
     1>k:\anxingle\imagesearch\search_project\configure.h(23): error C4430: 缺少类型说明符 - 假定为 int。注意: C++ 不支持默认 int
     1>k:\anxingle\imagesearch\search_project\configure.h(25): error C2065: “QueryRe”: 未声明的标识符
     1>k:\anxingle\imagesearch\search_project\configure.h(25): error C2923: “std::vector”: 对于参数“_Ty”，“QueryRe”不是有效的 模板 类型变量
     1>k:\anxingle\imagesearch\search_project\utils.h(19): error C2378: “FEAFLAGS”: 重定义；符号不能由 typedef 重载
                 k:\anxingle\imagesearch\search_project\configure.h(23) : 参见“FEAFLAGS”的声明
     1>k:\anxingle\imagesearch\search_project\search.h(11): error C2061: 语法错误: 标识符“FEAFLAGS”
     1>k:\anxingle\imagesearch\search_project\search.cpp(9): error C2061: 语法错误: 标识符“FEAFLAGS”
     1>k:\anxingle\imagesearch\search_project\search.cpp(17): error C2065: “flags”: 未声明的标识符
     1>k:\anxingle\imagesearch\search_project\search.cpp(36): error C2065: “flags”: 未声明的标识符
     1>k:\anxingle\imagesearch\search_project\search.cpp(65): error C2065: “flags”: 未声明的标识符
         PCAUtils.cpp
     1>k:\anxingle\imagesearch\search_project\pcautils.h(15): error C2061: 语法错误: 标识符“bitvec”
     1>k:\anxingle\imagesearch\search_project\configure.h(23): error C2146: 语法错误: 缺少“;”(在标识符“feaflags”的前面)
     1>k:\anxingle\imagesearch\search_project\configure.h(23): error C4430: 缺少类型说明符 - 假定为 int。注意: C++ 不支持默认 int
     1>k:\anxingle\imagesearch\search_project\configure.h(25): error C2065: “QueryRe”: 未声明的标识符
     1>k:\anxingle\imagesearch\search_project\configure.h(25): error C2923: “std::vector”: 对于参数“_Ty”，“QueryRe”不是有效的 模板 类型变量
     1>k:\anxingle\imagesearch\search_project\utils.h(19): error C2378: “FEAFLAGS”: 重定义；符号不能由 typedef 重载
                 k:\anxingle\imagesearch\search_project\configure.h(23) : 参见“FEAFLAGS”的声明
     1>k:\anxingle\imagesearch\search_project\pcautils.cpp(67): error C2137: 空字符常量
         ostuRemoveBorder.cpp
         NearestNeighbors.cpp
     1>k:\anxingle\imagesearch\search_project\configure.h(23): error C2146: 语法错误: 缺少“;”(在标识符“feaflags”的前面)
     1>k:\anxingle\imagesearch\search_project\configure.h(23): error C4430: 缺少类型说明符 - 假定为 int。注意: C++ 不支持默认 int
     1>k:\anxingle\imagesearch\search_project\configure.h(25): error C2065: “QueryRe”: 未声明的标识符
     1>k:\anxingle\imagesearch\search_project\configure.h(25): error C2923: “std::vector”: 对于参数“_Ty”，“QueryRe”不是有效的 模板 类型变量
     1>k:\anxingle\imagesearch\search_project\utils.h(19): error C2378: “FEAFLAGS”: 重定义；符号不能由 typedef 重载
                 k:\anxingle\imagesearch\search_project\configure.h(23) : 参见“FEAFLAGS”的声明
     1>k:\anxingle\imagesearch\search_project\nearestneighbors.cpp(29): warning C4018: “<”: 有符号/无符号不匹配
     1>k:\anxingle\imagesearch\search_project\nearestneighbors.cpp(30): warning C4018: “<”: 有符号/无符号不匹配
     1>k:\anxingle\imagesearch\search_project\nearestneighbors.cpp(85): warning C4018: “<”: 有符号/无符号不匹配
     1>k:\anxingle\imagesearch\search_project\nearestneighbors.cpp(103): warning C4018: “<”: 有符号/无符号不匹配
     1>k:\anxingle\imagesearch\search_project\nearestneighbors.cpp(133): warning C4018: “<”: 有符号/无符号不匹配
         main.cpp
         LoadFile.cpp
         Learn.cpp
     1>k:\anxingle\imagesearch\search_project\configure.h(23): error C2146: 语法错误: 缺少“;”(在标识符“feaflags”的前面)
     1>k:\anxingle\imagesearch\search_project\configure.h(23): error C4430: 缺少类型说明符 - 假定为 int。注意: C++ 不支持默认 int
     1>k:\anxingle\imagesearch\search_project\configure.h(25): error C2065: “QueryRe”: 未声明的标识符
     1>k:\anxingle\imagesearch\search_project\configure.h(25): error C2923: “std::vector”: 对于参数“_Ty”，“QueryRe”不是有效的 模板 类型变量
     1>k:\anxingle\imagesearch\search_project\utils.h(19): error C2378: “FEAFLAGS”: 重定义；符号不能由 typedef 重载
                 k:\anxingle\imagesearch\search_project\configure.h(23) : 参见“FEAFLAGS”的声明
     1>k:\anxingle\imagesearch\search_project\learn.h(8): error C2061: 语法错误: 标识符“FEAFLAGS”
     1>k:\anxingle\imagesearch\search_project\learn.cpp(13): error C2061: 语法错误: 标识符“FEAFLAGS”
         ImgFeature.cpp
         ImgConAna.cpp
     1>k:\anxingle\imagesearch\search_project\imgconana.cpp(32): warning C4018: “<”: 有符号/无符号不匹配
     1>k:\anxingle\imagesearch\search_project\imgconana.cpp(71): warning C4018: “<”: 有符号/无符号不匹配
     1>k:\anxingle\imagesearch\search_project\imgconana.cpp(88): warning C4018: “<”: 有符号/无符号不匹配
     1>k:\anxingle\imagesearch\search_project\imgconana.cpp(227): warning C4018: “<”: 有符号/无符号不匹配
     1>k:\anxingle\imagesearch\search_project\imgconana.cpp(259): warning C4018: “<”: 有符号/无符号不匹配
     1>k:\anxingle\imagesearch\search_project\imgconana.cpp(260): warning C4018: “<”: 有符号/无符号不匹配
     1>k:\anxingle\imagesearch\search_project\imgconana.cpp(271): warning C4018: “<”: 有符号/无符号不匹配
     1>k:\anxingle\imagesearch\search_project\imgconana.cpp(402): warning C4018: “<”: 有符号/无符号不匹配
     1>k:\anxingle\imagesearch\search_project\imgconana.cpp(421): warning C4018: “<”: 有符号/无符号不匹配
     1>k:\anxingle\imagesearch\search_project\imgconana.cpp(428): warning C4018: “<”: 有符号/无符号不匹配
     1>k:\anxingle\imagesearch\search_project\imgconana.cpp(471): warning C4018: “<”: 有符号/无符号不匹配
     1>k:\anxingle\imagesearch\search_project\imgconana.cpp(483): warning C4018: “<”: 有符号/无符号不匹配
     1>k:\anxingle\imagesearch\search_project\imgconana.cpp(486): warning C4018: “<”: 有符号/无符号不匹配
     1>k:\anxingle\imagesearch\search_project\imgconana.cpp(492): warning C4018: “<”: 有符号/无符号不匹配
     1>k:\anxingle\imagesearch\search_project\imgconana.cpp(507): warning C4018: “<”: 有符号/无符号不匹配
         Configure.cpp
         API_Interface.cpp
     1>k:\anxingle\imagesearch\search_project\api_interface.cpp(34): warning C4018: “>”: 有符号/无符号不匹配
     1>k:\anxingle\imagesearch\search_project\api_interface.cpp(50): warning C4018: “>”: 有符号/无符号不匹配
         正在生成代码...
     1>k:\anxingle\imagesearch\search_project\imgconana.cpp(474): warning C4715: “combineRestRect”: 不是所有的控件路径都返回值
     1>已完成生成项目“K:\anxingle\ImageSearch\search_project\search_project.vcxproj”(Rebuild 个目标)的操作 - 失败。

生成失败。

已用时间 00:00:17.34
